Change Component Designator: Old Designator=C1 New Designator=C15
Change Component Designator: Old Designator=C2 New Designator=C16
Change Component Designator: Old Designator=C3 New Designator=C14
Change Component Designator: Old Designator=C4 New Designator=C17
Change Component Designator: Old Designator=C5 New Designator=C18
Change Component Designator: Old Designator=C6 New Designator=C19
Change Component Designator: Old Designator=C7 New Designator=C20
Change Component Designator: Old Designator=C8 New Designator=C21
Change Component Designator: Old Designator=C9 New Designator=C22
Change Component Designator: Old Designator=C10 New Designator=C23
Change Component Designator: Old Designator=C11 New Designator=C24
Change Component Designator: Old Designator=C12 New Designator=C25
Change Component Designator: Old Designator=C13 New Designator=C26
Change Component Designator: Old Designator=C14 New Designator=C27
Change Component Designator: Old Designator=C15 New Designator=C28
Change Component Designator: Old Designator=C16 New Designator=C29
Change Component Designator: Old Designator=C17 New Designator=C30
Change Component Designator: Old Designator=C18 New Designator=C31
Change Component Designator: Old Designator=C19 New Designator=C32
Change Component Designator: Old Designator=D1 New Designator=D5
Change Component Designator: Old Designator=D2 New Designator=D7
Change Component Designator: Old Designator=D? New Designator=D6
Change Component Designator: Old Designator=HD1 New Designator=HD8
Change Component Designator: Old Designator=HD2 New Designator=HD9
Change Component Designator: Old Designator=HD? New Designator=HD7
Change Component Designator: Old Designator=LD1 New Designator=LD2
Change Component Designator: Old Designator=R1 New Designator=R28
Change Component Designator: Old Designator=R2 New Designator=R29
Change Component Designator: Old Designator=R3 New Designator=R30
Change Component Designator: Old Designator=R4 New Designator=R31
Change Component Designator: Old Designator=R43 New Designator=R32
Change Component Designator: Old Designator=R44 New Designator=R33
Change Component Designator: Old Designator=U1 New Designator=U3
Change Component Designator: Old Designator=U2 New Designator=U4
Change Component Designator: Old Designator=U7 New Designator=U5
