Change Component Designator: Old Designator=D4 New Designator=D9
Change Component Designator: Old Designator=D5 New Designator=D10
Change Component Designator: Old Designator=D6 New Designator=D11
Change Component Designator: Old Designator=D7 New Designator=D12
Change Component Designator: Old Designator=D8 New Designator=D13
Change Component Designator: Old Designator=HD6 New Designator=HD8
Change Component Designator: Old Designator=K1 New Designator=K6
Change Component Designator: Old Designator=K2 New Designator=K7
Change Component Designator: Old Designator=K3 New Designator=K8
Change Component Designator: Old Designator=K4 New Designator=K9
Change Component Designator: Old Designator=K5 New Designator=K10
Change Component Designator: Old Designator=LG1 New Designator=LG3
Change Component Designator: Old Designator=LG2 New Designator=LG4
Change Component Designator: Old Designator=LG3 New Designator=LG5
Change Component Designator: Old Designator=LG4 New Designator=LG6
Change Component Designator: Old Designator=LG5 New Designator=LG7
Change Component Designator: Old Designator=LG6 New Designator=LG8
Change Component Designator: Old Designator=Q12 New Designator=Q7
Change Component Designator: Old Designator=Q13 New Designator=Q8
Change Component Designator: Old Designator=Q14 New Designator=Q9
Change Component Designator: Old Designator=Q15 New Designator=Q10
Change Component Designator: Old Designator=Q16 New Designator=Q11
Change Component Designator: Old Designator=R24 New Designator=R9
Change Component Designator: Old Designator=R25 New Designator=R10
Change Component Designator: Old Designator=R26 New Designator=R11
Change Component Designator: Old Designator=R27 New Designator=R12
Change Component Designator: Old Designator=R28 New Designator=R13
Change Component Designator: Old Designator=R29 New Designator=R14
Change Component Designator: Old Designator=R30 New Designator=R15
